#
# There is insufficient memory for the Java Runtime Environment to continue.
# Native memory allocation (mmap) failed to map 110624768 bytes for committing reserved memory.
# Possible reasons:
#   The system is out of physical RAM or swap space
#   In 32 bit mode, the process size limit was hit
# Possible solutions:
#   Reduce memory load on the system
#   Increase physical memory or swap space
#   Check if swap backing store is full
#   Use 64 bit Java on a 64 bit OS
#   Decrease Java heap size (-Xmx/-Xms)
#   Decrease number of Java threads
#   Decrease Java thread stack sizes (-Xss)
#   Set larger code cache with -XX:ReservedCodeCacheSize=
# This output file may be truncated or incomplete.
#
#  Out of Memory Error (os_linux.cpp:2627), pid=20360, tid=140432618456832
#
# JRE version: Java(TM) SE Runtime Environment (8.0_73-b02) (build 1.8.0_73-b02)
# Java VM: Java HotSpot(TM) 64-Bit Server VM (25.73-b02 mixed mode linux-amd64 compressed oops)
# Failed to write core dump. Core dumps have been disabled. To enable core dumping, try "ulimit -c unlimited" before starting Java again
#

---------------  T H R E A D  ---------------

Current thread (0x00007fb900077800):  VMThread [stack: 0x00007fb904468000,0x00007fb904569000] [id=20368]

Stack: [0x00007fb904468000,0x00007fb904569000],  sp=0x00007fb904567170,  free space=1020k
Native frames: (J=compiled Java code, j=interpreted, Vv=VM code, C=native code)
V  [libjvm.so+0xaba71a]  VMError::report_and_die()+0x2ba
V  [libjvm.so+0x4f9ecb]  report_vm_out_of_memory(char const*, int, unsigned long, VMErrorType, char const*)+0x8b
V  [libjvm.so+0x91b553]  os::Linux::commit_memory_impl(char*, unsigned long, bool)+0x103
V  [libjvm.so+0x91baa9]  os::pd_commit_memory(char*, unsigned long, unsigned long, bool)+0x29
V  [libjvm.so+0x915dba]  os::commit_memory(char*, unsigned long, unsigned long, bool)+0x2a
V  [libjvm.so+0x989463]  PSVirtualSpace::expand_by(unsigned long)+0x53
V  [libjvm.so+0x98a868]  PSYoungGen::resize_generation(unsigned long, unsigned long)+0xf8
V  [libjvm.so+0x9899c2]  PSYoungGen::resize(unsigned long, unsigned long)+0x22
V  [libjvm.so+0x986c9b]  PSScavenge::invoke_no_policy()+0xf3b
V  [libjvm.so+0x981f45]  PSParallelCompact::invoke(bool)+0x85
V  [libjvm.so+0xabc278]  VM_ParallelGCSystemGC::doit()+0xa8
V  [libjvm.so+0xac3b65]  VM_Operation::evaluate()+0x55
V  [libjvm.so+0xac1f3a]  VMThread::evaluate_operation(VM_Operation*)+0xba
V  [libjvm.so+0xac22be]  VMThread::loop()+0x1ce
V  [libjvm.so+0xac2730]  VMThread::run()+0x70
V  [libjvm.so+0x91d918]  java_start(Thread*)+0x108

VM_Operation (0x00007fb909e33880): ParallelGCSystemGC, mode: safepoint, requested by thread 0x00007fb900009800


---------------  P R O C E S S  ---------------

Java Threads: ( => current thread )
  0x00007fb9005b5000 JavaThread "process reaper" daemon [_thread_blocked, id=20382, stack(0x00007fb8f0081000,0x00007fb8f00ba000)]
  0x00007fb9000be800 JavaThread "Service Thread" daemon [_thread_blocked, id=20375, stack(0x00007fb8f0619000,0x00007fb8f071a000)]
  0x00007fb9000bb800 JavaThread "C1 CompilerThread2" daemon [_thread_blocked, id=20374, stack(0x00007fb8f071a000,0x00007fb8f081b000)]
  0x00007fb9000b9800 JavaThread "C2 CompilerThread1" daemon [_thread_blocked, id=20373, stack(0x00007fb8f081b000,0x00007fb8f091c000)]
  0x00007fb9000b6800 JavaThread "C2 CompilerThread0" daemon [_thread_blocked, id=20372, stack(0x00007fb904064000,0x00007fb904165000)]
  0x00007fb9000b5000 JavaThread "Signal Dispatcher" daemon [_thread_blocked, id=20371, stack(0x00007fb904165000,0x00007fb904266000)]
  0x00007fb90007f000 JavaThread "Finalizer" daemon [_thread_blocked, id=20370, stack(0x00007fb904266000,0x00007fb904367000)]
  0x00007fb90007d000 JavaThread "Reference Handler" daemon [_thread_blocked, id=20369, stack(0x00007fb904367000,0x00007fb904468000)]
  0x00007fb900009800 JavaThread "main" [_thread_blocked, id=20363, stack(0x00007fb909d35000,0x00007fb909e36000)]

Other Threads:
=>0x00007fb900077800 VMThread [stack: 0x00007fb904468000,0x00007fb904569000] [id=20368]
  0x00007fb9000c1000 WatcherThread [stack: 0x00007fb8f0518000,0x00007fb8f0619000] [id=20376]

VM state:at safepoint (normal execution)

VM Mutex/Monitor currently owned by a thread:  ([mutex/lock_event])
[0x00007fb900006190] Threads_lock - owner thread: 0x00007fb900077800
[0x00007fb900006690] Heap_lock - owner thread: 0x00007fb900009800

Heap:
 PSYoungGen      total 198656K, used 12068K [0x00000000e2980000, 0x00000000eff80000, 0x0000000100000000)
  eden space 183296K, 0% used [0x00000000e2980000,0x00000000e2980000,0x00000000edc80000)
  from space 15360K, 78% used [0x00000000edc80000,0x00000000ee849240,0x00000000eeb80000)
  to   space 10240K, 0% used [0x00000000eeb80000,0x00000000eeb80000,0x00000000ef580000)
 ParOldGen       total 65024K, used 23339K [0x00000000a7c00000, 0x00000000abb80000, 0x00000000e2980000)
  object space 65024K, 35% used [0x00000000a7c00000,0x00000000a92cada8,0x00000000abb80000)
 Metaspace       used 24715K, capacity 25332K, committed 25600K, reserved 1071104K
  class space    used 2853K, capacity 3051K, committed 3072K, reserved 1048576K

Card table byte_map: [0x00007fb906836000,0x00007fb906af9000] byte_map_base: 0x00007fb9062f8000

Marking Bits: (ParMarkBitMap*) 0x00007fb909210100
 Begin Bits: [0x00007fb8e93e0000, 0x00007fb8ea9f0000)
 End Bits:   [0x00007fb8ea9f0000, 0x00007fb8ec000000)

Polling page: 0x00007fb909e5d000

CodeCache: size=245760Kb used=14953Kb max_used=14953Kb free=230806Kb
 bounds [0x00007fb8f1000000, 0x00007fb8f1eb0000, 0x00007fb900000000]
 total_blobs=4780 nmethods=4393 adapters=301
 compilation: enabled

Compilation events (10 events):
Event: 35,280 Thread 0x00007fb9000bb800 4970       3       java.nio.charset.CharsetEncoder::implFlush (4 bytes)
Event: 35,280 Thread 0x00007fb9000bb800 nmethod 4970 0x00007fb8f1e94750 code [0x00007fb8f1e948c0, 0x00007fb8f1e94a10]
Event: 35,280 Thread 0x00007fb9000bb800 4969       3       java.nio.charset.CharsetEncoder::flush (49 bytes)
Event: 35,281 Thread 0x00007fb9000bb800 nmethod 4969 0x00007fb8f1e9f910 code [0x00007fb8f1e9faa0, 0x00007fb8f1e9fea8]
Event: 35,281 Thread 0x00007fb9000bb800 4968  s    1       java.lang.StringBuffer::length (5 bytes)
Event: 35,281 Thread 0x00007fb9000bb800 nmethod 4968 0x00007fb8f1e9f4d0 code [0x00007fb8f1e9f620, 0x00007fb8f1e9f890]
Event: 35,289 Thread 0x00007fb9000bb800 4971  s    3       java.io.BufferedOutputStream::flush (12 bytes)
Event: 35,290 Thread 0x00007fb9000bb800 nmethod 4971 0x00007fb8f1e9ecd0 code [0x00007fb8f1e9ee60, 0x00007fb8f1e9f358]
Event: 35,290 Thread 0x00007fb9000bb800 4972       3       java.io.PrintStream::ensureOpen (18 bytes)
Event: 35,290 Thread 0x00007fb9000bb800 nmethod 4972 0x00007fb8f1ea64d0 code [0x00007fb8f1ea6640, 0x00007fb8f1ea6888]

GC Heap History (10 events):
Event: 5,717 GC heap after
Heap after GC invocations=3 (full 0):
 PSYoungGen      total 50688K, used 3552K [0x00000000e2980000, 0x00000000e8c80000, 0x0000000100000000)
  eden space 47104K, 0% used [0x00000000e2980000,0x00000000e2980000,0x00000000e5780000)
  from space 3584K, 99% used [0x00000000e5780000,0x00000000e5af8020,0x00000000e5b00000)
  to   space 3584K, 0% used [0x00000000e8900000,0x00000000e8900000,0x00000000e8c80000)
 ParOldGen       total 61440K, used 5627K [0x00000000a7c00000, 0x00000000ab800000, 0x00000000e2980000)
  object space 61440K, 9% used [0x00000000a7c00000,0x00000000a817ec88,0x00000000ab800000)
 Metaspace       used 13389K, capacity 13706K, committed 14080K, reserved 1060864K
  class space    used 1621K, capacity 1729K, committed 1792K, reserved 1048576K
}
Event: 7,016 GC heap before
{Heap before GC invocations=4 (full 0):
 PSYoungGen      total 50688K, used 50656K [0x00000000e2980000, 0x00000000e8c80000, 0x0000000100000000)
  eden space 47104K, 100% used [0x00000000e2980000,0x00000000e5780000,0x00000000e5780000)
  from space 3584K, 99% used [0x00000000e5780000,0x00000000e5af8020,0x00000000e5b00000)
  to   space 3584K, 0% used [0x00000000e8900000,0x00000000e8900000,0x00000000e8c80000)
 ParOldGen       total 61440K, used 5627K [0x00000000a7c00000, 0x00000000ab800000, 0x00000000e2980000)
  object space 61440K, 9% used [0x00000000a7c00000,0x00000000a817ec88,0x00000000ab800000)
 Metaspace       used 13530K, capacity 13904K, committed 14080K, reserved 1060864K
  class space    used 1625K, capacity 1730K, committed 1792K, reserved 1048576K
Event: 7,112 GC heap after
Heap after GC invocations=4 (full 0):
 PSYoungGen      total 97792K, used 3568K [0x00000000e2980000, 0x00000000e8c80000, 0x0000000100000000)
  eden space 94208K, 0% used [0x00000000e2980000,0x00000000e2980000,0x00000000e8580000)
  from space 3584K, 99% used [0x00000000e8900000,0x00000000e8c7c030,0x00000000e8c80000)
  to   space 3584K, 0% used [0x00000000e8580000,0x00000000e8580000,0x00000000e8900000)
 ParOldGen       total 61440K, used 8255K [0x00000000a7c00000, 0x00000000ab800000, 0x00000000e2980000)
  object space 61440K, 13% used [0x00000000a7c00000,0x00000000a840fc98,0x00000000ab800000)
 Metaspace       used 13530K, capacity 13904K, committed 14080K, reserved 1060864K
  class space    used 1625K, capacity 1730K, committed 1792K, reserved 1048576K
}
Event: 12,037 GC heap before
{Heap before GC invocations=5 (full 0):
 PSYoungGen      total 97792K, used 97776K [0x00000000e2980000, 0x00000000e8c80000, 0x0000000100000000)
  eden space 94208K, 100% used [0x00000000e2980000,0x00000000e8580000,0x00000000e8580000)
  from space 3584K, 99% used [0x00000000e8900000,0x00000000e8c7c030,0x00000000e8c80000)
  to   space 3584K, 0% used [0x00000000e8580000,0x00000000e8580000,0x00000000e8900000)
 ParOldGen       total 61440K, used 8255K [0x00000000a7c00000, 0x00000000ab800000, 0x00000000e2980000)
  object space 61440K, 13% used [0x00000000a7c00000,0x00000000a840fc98,0x00000000ab800000)
 Metaspace       used 18593K, capacity 19060K, committed 19328K, reserved 1067008K
  class space    used 2257K, capacity 2404K, committed 2432K, reserved 1048576K
Event: 12,123 GC heap after
Heap after GC invocations=5 (full 0):
 PSYoungGen      total 97792K, used 3582K [0x00000000e2980000, 0x00000000ef580000, 0x0000000100000000)
  eden space 94208K, 0% used [0x00000000e2980000,0x00000000e2980000,0x00000000e8580000)
  from space 3584K, 99% used [0x00000000e8580000,0x00000000e88ffb48,0x00000000e8900000)
  to   space 10240K, 0% used [0x00000000eeb80000,0x00000000eeb80000,0x00000000ef580000)
 ParOldGen       total 61440K, used 13938K [0x00000000a7c00000, 0x00000000ab800000, 0x00000000e2980000)
  object space 61440K, 22% used [0x00000000a7c00000,0x00000000a899cab0,0x00000000ab800000)
 Metaspace       used 18593K, capacity 19060K, committed 19328K, reserved 1067008K
  class space    used 2257K, capacity 2404K, committed 2432K, reserved 1048576K
}
Event: 14,460 GC heap before
{Heap before GC invocations=6 (full 0):
 PSYoungGen      total 97792K, used 57893K [0x00000000e2980000, 0x00000000ef580000, 0x0000000100000000)
  eden space 94208K, 57% used [0x00000000e2980000,0x00000000e5e899d0,0x00000000e8580000)
  from space 3584K, 99% used [0x00000000e8580000,0x00000000e88ffb48,0x00000000e8900000)
  to   space 10240K, 0% used [0x00000000eeb80000,0x00000000eeb80000,0x00000000ef580000)
 ParOldGen       total 61440K, used 13938K [0x00000000a7c00000, 0x00000000ab800000, 0x00000000e2980000)
  object space 61440K, 22% used [0x00000000a7c00000,0x00000000a899cab0,0x00000000ab800000)
 Metaspace       used 20638K, capacity 21076K, committed 21296K, reserved 1069056K
  class space    used 2437K, capacity 2564K, committed 2688K, reserved 1048576K
Event: 14,550 GC heap after
Heap after GC invocations=6 (full 0):
 PSYoungGen      total 193536K, used 10226K [0x00000000e2980000, 0x00000000eff80000, 0x0000000100000000)
  eden space 183296K, 0% used [0x00000000e2980000,0x00000000e2980000,0x00000000edc80000)
  from space 10240K, 99% used [0x00000000eeb80000,0x00000000ef57ca40,0x00000000ef580000)
  to   space 15360K, 0% used [0x00000000edc80000,0x00000000edc80000,0x00000000eeb80000)
 ParOldGen       total 61440K, used 20433K [0x00000000a7c00000, 0x00000000ab800000, 0x00000000e2980000)
  object space 61440K, 33% used [0x00000000a7c00000,0x00000000a8ff47c8,0x00000000ab800000)
 Metaspace       used 20638K, capacity 21076K, committed 21296K, reserved 1069056K
  class space    used 2437K, capacity 2564K, committed 2688K, reserved 1048576K
}
Event: 14,550 GC heap before
{Heap before GC invocations=7 (full 1):
 PSYoungGen      total 193536K, used 10226K [0x00000000e2980000, 0x00000000eff80000, 0x0000000100000000)
  eden space 183296K, 0% used [0x00000000e2980000,0x00000000e2980000,0x00000000edc80000)
  from space 10240K, 99% used [0x00000000eeb80000,0x00000000ef57ca40,0x00000000ef580000)
  to   space 15360K, 0% used [0x00000000edc80000,0x00000000edc80000,0x00000000eeb80000)
 ParOldGen       total 61440K, used 20433K [0x00000000a7c00000, 0x00000000ab800000, 0x00000000e2980000)
  object space 61440K, 33% used [0x00000000a7c00000,0x00000000a8ff47c8,0x00000000ab800000)
 Metaspace       used 20638K, capacity 21076K, committed 21296K, reserved 1069056K
  class space    used 2437K, capacity 2564K, committed 2688K, reserved 1048576K
Event: 14,912 GC heap after
Heap after GC invocations=7 (full 1):
 PSYoungGen      total 193536K, used 0K [0x00000000e2980000, 0x00000000eff80000, 0x0000000100000000)
  eden space 183296K, 0% used [0x00000000e2980000,0x00000000e2980000,0x00000000edc80000)
  from space 10240K, 0% used [0x00000000eeb80000,0x00000000eeb80000,0x00000000ef580000)
  to   space 15360K, 0% used [0x00000000edc80000,0x00000000edc80000,0x00000000eeb80000)
 ParOldGen       total 65024K, used 23331K [0x00000000a7c00000, 0x00000000abb80000, 0x00000000e2980000)
  object space 65024K, 35% used [0x00000000a7c00000,0x00000000a92c8da8,0x00000000abb80000)
 Metaspace       used 20638K, capacity 21076K, committed 21296K, reserved 1069056K
  class space    used 2437K, capacity 2564K, committed 2688K, reserved 1048576K
}
Event: 35,293 GC heap before
{Heap before GC invocations=8 (full 1):
 PSYoungGen      total 193536K, used 158577K [0x00000000e2980000, 0x00000000eff80000, 0x0000000100000000)
  eden space 183296K, 86% used [0x00000000e2980000,0x00000000ec45c790,0x00000000edc80000)
  from space 10240K, 0% used [0x00000000eeb80000,0x00000000eeb80000,0x00000000ef580000)
  to   space 15360K, 0% used [0x00000000edc80000,0x00000000edc80000,0x00000000eeb80000)
 ParOldGen       total 65024K, used 23331K [0x00000000a7c00000, 0x00000000abb80000, 0x00000000e2980000)
  object space 65024K, 35% used [0x00000000a7c00000,0x00000000a92c8da8,0x00000000abb80000)
 Metaspace       used 24715K, capacity 25332K, committed 25600K, reserved 1071104K
  class space    used 2853K, capacity 3051K, committed 3072K, reserved 1048576K

Deoptimization events (10 events):
Event: 32,202 Thread 0x00007fb900009800 Uncommon trap: reason=unstable_if action=reinterpret pc=0x00007fb8f1934674 method=org.codehaus.plexus.util.xml.pull.MXParser.parseAttribute()C @ 983
Event: 32,207 Thread 0x00007fb900009800 Uncommon trap: reason=unstable_if action=reinterpret pc=0x00007fb8f18c2244 method=java.util.regex.Pattern$Curly.match(Ljava/util/regex/Matcher;ILjava/lang/CharSequence;)Z @ 45
Event: 32,207 Thread 0x00007fb900009800 Uncommon trap: reason=class_check action=maybe_recompile pc=0x00007fb8f179f4b8 method=org.codehaus.plexus.interpolation.MapBasedValueSource.getValue(Ljava/lang/String;)Ljava/lang/Object; @ 16
Event: 32,207 Thread 0x00007fb900009800 Uncommon trap: reason=class_check action=maybe_recompile pc=0x00007fb8f179f4b8 method=org.codehaus.plexus.interpolation.MapBasedValueSource.getValue(Ljava/lang/String;)Ljava/lang/Object; @ 16
Event: 34,295 Thread 0x00007fb900009800 Uncommon trap: reason=unstable_if action=reinterpret pc=0x00007fb8f1d05f70 method=sun.util.calendar.CalendarUtils.isGregorianLeapYear(I)Z @ 3
Event: 34,628 Thread 0x00007fb900009800 Uncommon trap: reason=class_check action=maybe_recompile pc=0x00007fb8f1e4a168 method=java.util.zip.InflaterInputStream.read([BII)I @ 100
Event: 34,630 Thread 0x00007fb900009800 Uncommon trap: reason=class_check action=maybe_recompile pc=0x00007fb8f1e4a168 method=java.util.zip.InflaterInputStream.read([BII)I @ 100
Event: 34,630 Thread 0x00007fb900009800 Uncommon trap: reason=class_check action=maybe_recompile pc=0x00007fb8f1e4a168 method=java.util.zip.InflaterInputStream.read([BII)I @ 100
Event: 34,630 Thread 0x00007fb900009800 Uncommon trap: reason=class_check action=maybe_recompile pc=0x00007fb8f1e4a168 method=java.util.zip.InflaterInputStream.read([BII)I @ 100
Event: 34,849 Thread 0x00007fb900009800 Uncommon trap: reason=unstable_if action=reinterpret pc=0x00007fb8f182e178 method=org.sonatype.guice.plexus.locators.RealmFilter$FilteredItr.hasNext()Z @ 70

Internal exceptions (10 events):
Event: 10,472 Thread 0x00007fb900009800 Exception <a 'java/lang/NoClassDefFoundError': org/slf4j/Logger> (0x00000000e6e36c90) thrown at [/HUDSON3/workspace/8-2-build-linux-amd64/jdk8u73/6086/hotspot/src/share/vm/oops/constantPool.cpp, line 235]
Event: 10,786 Thread 0x00007fb900009800 Exception <a 'java/lang/ClassNotFoundException': com/sun/tools/javac/api/JavacTool> (0x00000000e70e1af0) thrown at [/HUDSON3/workspace/8-2-build-linux-amd64/jdk8u73/6086/hotspot/src/share/vm/classfile/systemDictionary.cpp, line 210]
Event: 12,680 Thread 0x00007fb900009800 Exception <a 'java/io/FileNotFoundException'> (0x00000000e3a1c418) thrown at [/HUDSON3/workspace/8-2-build-linux-amd64/jdk8u73/6086/hotspot/src/share/vm/prims/jni.cpp, line 709]
Event: 12,709 Thread 0x00007fb900009800 Exception <a 'java/io/FileNotFoundException'> (0x00000000e3a50e08) thrown at [/HUDSON3/workspace/8-2-build-linux-amd64/jdk8u73/6086/hotspot/src/share/vm/prims/jni.cpp, line 709]
Event: 15,043 Thread 0x00007fb900009800 Implicit null exception at 0x00007fb8f19836a4 to 0x00007fb8f1989825
Event: 15,408 Thread 0x00007fb900009800 Exception <a 'java/lang/NoClassDefFoundError': org/slf4j/Logger> (0x00000000e32f7af0) thrown at [/HUDSON3/workspace/8-2-build-linux-amd64/jdk8u73/6086/hotspot/src/share/vm/oops/constantPool.cpp, line 235]
Event: 16,457 Thread 0x00007fb900009800 Exception <a 'java/lang/NoClassDefFoundError': org/slf4j/Logger> (0x00000000e49dee08) thrown at [/HUDSON3/workspace/8-2-build-linux-amd64/jdk8u73/6086/hotspot/src/share/vm/oops/constantPool.cpp, line 235]
Event: 32,719 Thread 0x00007fb900009800 Exception <a 'java/lang/NoClassDefFoundError': org/slf4j/Logger> (0x00000000ea133e90) thrown at [/HUDSON3/workspace/8-2-build-linux-amd64/jdk8u73/6086/hotspot/src/share/vm/oops/constantPool.cpp, line 235]
Event: 34,807 Thread 0x00007fb900009800 Exception <a 'java/lang/NoClassDefFoundError': org/slf4j/Logger> (0x00000000ec1e36d8) thrown at [/HUDSON3/workspace/8-2-build-linux-amd64/jdk8u73/6086/hotspot/src/share/vm/oops/constantPool.cpp, line 235]
Event: 34,849 Thread 0x00007fb900009800 Implicit null exception at 0x00007fb8f182de41 to 0x00007fb8f182e165

Events (10 events):
Event: 35,270 loading class org/apache/maven/artifact/repository/metadata/io/xpp3/MetadataXpp3Writer done
Event: 35,273 loading class org/sonatype/aether/repository/LocalMetadataRegistration
Event: 35,273 loading class org/sonatype/aether/repository/LocalMetadataRegistration done
Event: 35,278 loading class org/apache/maven/artifact/repository/metadata/SnapshotArtifactRepositoryMetadata
Event: 35,278 loading class org/apache/maven/artifact/repository/metadata/SnapshotArtifactRepositoryMetadata done
Event: 35,281 loading class org/apache/maven/artifact/repository/metadata/AbstractRepositoryMetadata
Event: 35,281 loading class org/apache/maven/artifact/repository/metadata/AbstractRepositoryMetadata done
Event: 35,286 loading class org/apache/maven/artifact/repository/metadata/ArtifactRepositoryMetadata
Event: 35,286 loading class org/apache/maven/artifact/repository/metadata/ArtifactRepositoryMetadata done
Event: 35,292 Executing VM operation: ParallelGCSystemGC


Dynamic libraries:
00400000-00401000 r-xp 00000000 08:03 658056                             /home/hdias/jdk1.8.0_73/bin/java
00600000-00601000 rw-p 00000000 08:03 658056                             /home/hdias/jdk1.8.0_73/bin/java
0212a000-0214b000 rw-p 00000000 00:00 0                                  [heap]
a7c00000-abb80000 rw-p 00000000 00:00 0 
abb80000-e2980000 ---p 00000000 00:00 0 
e2980000-eff80000 rw-p 00000000 00:00 0 
f6900000-100000000 ---p 00000000 00:00 0 
100000000-100300000 rw-p 00000000 00:00 0 
100300000-140000000 ---p 00000000 00:00 0 
7fb8b4000000-7fb8b4021000 rw-p 00000000 00:00 0 
7fb8b4021000-7fb8b8000000 ---p 00000000 00:00 0 
7fb8b8000000-7fb8b8021000 rw-p 00000000 00:00 0 
7fb8b8021000-7fb8bc000000 ---p 00000000 00:00 0 
7fb8bc000000-7fb8bd785000 rw-p 00000000 00:00 0 
7fb8bd785000-7fb8c0000000 ---p 00000000 00:00 0 
7fb8c0000000-7fb8c0021000 rw-p 00000000 00:00 0 
7fb8c0021000-7fb8c4000000 ---p 00000000 00:00 0 
7fb8c4000000-7fb8c61a2000 rw-p 00000000 00:00 0 
7fb8c61a2000-7fb8c8000000 ---p 00000000 00:00 0 
7fb8c8000000-7fb8c9796000 rw-p 00000000 00:00 0 
7fb8c9796000-7fb8cc000000 ---p 00000000 00:00 0 
7fb8cc000000-7fb8cc021000 rw-p 00000000 00:00 0 
7fb8cc021000-7fb8d0000000 ---p 00000000 00:00 0 
7fb8d0000000-7fb8d0021000 rw-p 00000000 00:00 0 
7fb8d0021000-7fb8d4000000 ---p 00000000 00:00 0 
7fb8d4000000-7fb8d428c000 rw-p 00000000 00:00 0 
7fb8d428c000-7fb8d8000000 ---p 00000000 00:00 0 
7fb8d8000000-7fb8d8021000 rw-p 00000000 00:00 0 
7fb8d8021000-7fb8dc000000 ---p 00000000 00:00 0 
7fb8dc000000-7fb8dc021000 rw-p 00000000 00:00 0 
7fb8dc021000-7fb8e0000000 ---p 00000000 00:00 0 
7fb8e0000000-7fb8e0021000 rw-p 00000000 00:00 0 
7fb8e0021000-7fb8e4000000 ---p 00000000 00:00 0 
7fb8e4000000-7fb8e4021000 rw-p 00000000 00:00 0 
7fb8e4021000-7fb8e8000000 ---p 00000000 00:00 0 
7fb8e810f000-7fb8e8113000 r--s 00037000 08:03 1054187                    /home/hdias/.m2/repository/org/codehaus/plexus/plexus-utils/3.0.15/plexus-utils-3.0.15.jar
7fb8e8113000-7fb8e8116000 r--s 00023000 08:03 1179759                    /home/hdias/.m2/repository/org/apache/maven/shared/maven-shared-utils/0.4/maven-shared-utils-0.4.jar
7fb8e8116000-7fb8e8317000 rw-p 00000000 00:00 0 
7fb8e8317000-7fb8e831d000 r--s 00033000 08:03 1179760                    /home/hdias/.m2/repository/commons-codec/commons-codec/1.6/commons-codec-1.6.jar
7fb8e831d000-7fb8e831f000 r--s 00007000 08:03 1051057                    /home/hdias/.m2/repository/org/apache/maven/plugins/maven-install-plugin/2.5.2/maven-install-plugin-2.5.2.jar
7fb8e831f000-7fb8e834a000 r--s 001fc000 08:03 1054833                    /home/hdias/.m2/repository/com/google/guava/guava/18.0/guava-18.0.jar
7fb8e834a000-7fb8e834b000 r--s 00008000 08:03 1054829                    /home/hdias/.m2/repository/asm/asm-util/3.2/asm-util-3.2.jar
7fb8e834b000-7fb8e834c000 r--s 00004000 08:03 1054827                    /home/hdias/.m2/repository/asm/asm-analysis/3.2/asm-analysis-3.2.jar
7fb8e834c000-7fb8e834f000 r--s 00013000 08:03 1054826                    /home/hdias/.m2/repository/commons-io/commons-io/1.3.2/commons-io-1.3.2.jar
7fb8e834f000-7fb8e8350000 r--s 00002000 08:03 1054822                    /home/hdias/.m2/repository/org/vafer/jdependency/0.7/jdependency-0.7.jar
7fb8e8350000-7fb8e8353000 r--s 0000c000 08:03 1054821                    /home/hdias/.m2/repository/org/apache/maven/shared/maven-dependency-tree/2.1/maven-dependency-tree-2.1.jar
7fb8e8353000-7fb8e8356000 r--s 00023000 08:03 1054820                    /home/hdias/.m2/repository/org/jdom/jdom/1.1/jdom-1.1.jar
7fb8e8356000-7fb8e8358000 r--s 00004000 08:03 1054816                    /home/hdias/.m2/repository/asm/asm-tree/3.3.1/asm-tree-3.3.1.jar
7fb8e8358000-7fb8e835a000 r--s 00008000 08:03 1054815                    /home/hdias/.m2/repository/asm/asm-commons/3.3.1/asm-commons-3.3.1.jar
7fb8e835a000-7fb8e835b000 r--s 0000a000 08:03 1054814                    /home/hdias/.m2/repository/asm/asm/3.3.1/asm-3.3.1.jar
7fb8e835b000-7fb8e8366000 r--s 00069000 08:03 1054809                    /home/hdias/.m2/repository/org/sonatype/sisu/sisu-guice/2.1.7/sisu-guice-2.1.7-noaop.jar
7fb8e8366000-7fb8e836b000 r--s 00021000 08:03 1054806                    /home/hdias/.m2/repository/org/sonatype/sisu/sisu-inject-bean/1.4.2/sisu-inject-bean-1.4.2.jar
7fb8e836b000-7fb8e836d000 r--s 00017000 08:03 1054801                    /home/hdias/.m2/repository/org/apache/maven/plugins/maven-shade-plugin/2.2/maven-shade-plugin-2.2.jar
7fb8e836d000-7fb8e8371000 r--s 00038000 08:03 1054800                    /home/hdias/.m2/repository/org/codehaus/plexus/plexus-utils/3.0.20/plexus-utils-3.0.20.jar
7fb8e8371000-7fb8e8378000 r--s 00056000 08:03 1054796                    /home/hdias/.m2/repository/org/apache/commons/commons-compress/1.9/commons-compress-1.9.jar
7fb8e8378000-7fb8e837c000 r--s 0000f000 08:03 1054795                    /home/hdias/.m2/repository/org/codehaus/plexus/plexus-io/2.3.2/plexus-io-2.3.2.jar
7fb8e837c000-7fb8e8380000 r--s 0001f000 08:03 1054794                    /home/hdias/.m2/repository/org/codehaus/plexus/plexus-archiver/2.8.1/plexus-archiver-2.8.1.jar
7fb8e8380000-7fb8e8382000 r--s 00009000 08:03 1051252                    /home/hdias/.m2/repository/org/hamcrest/hamcrest-core/1.3/hamcrest-core-1.3.jar
7fb8e8382000-7fb8e838a000 r--s 00045000 08:03 1051246                    /home/hdias/.m2/repository/junit/junit/4.12/junit-4.12.jar
7fb8e838a000-7fb8e8393000 r--s 0006f000 08:03 1054793                    /home/hdias/.m2/repository/log4j/log4j/1.2.17/log4j-1.2.17.jar
7fb8e8393000-7fb8e8395000 r--s 00006000 08:03 1054784                    /home/hdias/.m2/repository/org/apache/maven/shared/maven-common-artifact-filters/1.4/maven-common-artifact-filters-1.4.jar
7fb8e8395000-7fb8e839b000 r--s 00042000 08:03 1054770                    /home/hdias/.m2/repository/org/eclipse/sisu/org.eclipse.sisu.inject/0.0.0.M5/org.eclipse.sisu.inject-0.0.0.M5.jar
7fb8e839b000-7fb8e839d000 r--s 00000000 08:03 1051220                    /home/hdias/.m2/repository/aopalliance/aopalliance/1.0/aopalliance-1.0.jar
7fb8e839d000-7fb8e83a5000 r--s 00050000 08:03 1054769                    /home/hdias/.m2/repository/org/sonatype/sisu/sisu-guice/3.1.0/sisu-guice-3.1.0-no_aop.jar
7fb8e83a5000-7fb8e83a6000 r--s 00000000 08:03 1054768                    /home/hdias/.m2/repository/javax/inject/javax.inject/1/javax.inject-1.jar
7fb8e83a6000-7fb8e83a7000 r--s 00001000 08:03 1054764                    /home/hdias/.m2/repository/javax/annotation/jsr250-api/1.0/jsr250-api-1.0.jar
7fb8e83a7000-7fb8e83aa000 r--s 00008000 08:03 1054763                    /home/hdias/.m2/repository/javax/enterprise/cdi-api/1.0/cdi-api-1.0.jar
7fb8e83aa000-7fb8e83b0000 r--s 0002a000 08:03 1054760                    /home/hdias/.m2/repository/org/eclipse/sisu/org.eclipse.sisu.plexus/0.0.0.M5/org.eclipse.sisu.plexus-0.0.0.M5.jar
7fb8e83b0000-7fb8e83b4000 r--s 00020000 08:03 1054759                    /home/hdias/.m2/repository/org/eclipse/aether/aether-util/1.0.2.v20150114/aether-util-1.0.2.v20150114.jar
7fb8e83b4000-7fb8e83b9000 r--s 0001d000 08:03 1054756                    /home/hdias/.m2/repository/org/eclipse/aether/aether-api/1.0.2.v20150114/aether-api-1.0.2.v20150114.jar
7fb8e83b9000-7fb8e83bd000 r--s 00027000 08:03 1054755                    /home/hdias/.m2/repository/org/eclipse/aether/aether-impl/1.0.2.v20150114/aether-impl-1.0.2.v20150114.jar
7fb8e83bd000-7fb8e83bf000 r--s 00006000 08:03 1054752                    /home/hdias/.m2/repository/org/eclipse/aether/aether-spi/1.0.2.v20150114/aether-spi-1.0.2.v20150114.jar
7fb8e83bf000-7fb8e83c6000 r--s 00000000 08:03 1981366                    /usr/lib/x86_64-linux-gnu/gconv/gconv-modules.cache
7fb8e83c6000-7fb8e83e8000 r--p 00000000 08:03 2365568                    /usr/share/locale-langpack/pt_BR/LC_MESSAGES/libc.mo
7fb8e83e8000-7fb8e83eb000 r--s 0000d000 08:03 1054736                    /home/hdias/.m2/repository/org/codehaus/plexus/plexus-interpolation/1.21/plexus-interpolation-1.21.jar
7fb8e83eb000-7fb8e83ef000 r--s 00026000 08:03 1054734                    /home/hdias/.m2/repository/org/apache/maven/shared/maven-shared-utils/0.7/maven-shared-utils-0.7.jar
7fb8e83ef000-7fb8e83f0000 r--s 00005000 08:03 1054732                    /home/hdias/.m2/repository/org/apache/maven/maven-archiver/2.6/maven-archiver-2.6.jar
7fb8e83f0000-7fb8e83f2000 r--s 0000e000 08:03 1054738                    /home/hdias/.m2/repository/commons-logging/commons-logging/1.2/commons-logging-1.2.jar
7fb8e83f2000-7fb8e8408000 r--s 000f6000 08:03 1854838                    /home/hdias/.m2/repository/org/springframework/spring-core/4.2.6.RELEASE/spring-core-4.2.6.RELEASE.jar
7fb8e8408000-7fb8e840b000 r--s 0001f000 08:03 1593415                    /home/hdias/.m2/repository/org/springframework/boot/spring-boot-loader-tools/1.3.4.RELEASE/spring-boot-loader-tools-1.3.4.RELEASE.jar
7fb8e840b000-7fb8e840d000 r--s 0000d000 08:03 3945076                    /home/hdias/.m2/repository/org/springframework/boot/spring-boot-maven-plugin/1.3.4.RELEASE/spring-boot-maven-plugin-1.3.4.RELEASE.jar
7fb8e840d000-7fb8e860d000 rw-p 00000000 00:00 0 
7fb8e860d000-7fb8e860e000 r--s 00002000 08:03 1179702                    /home/hdias/.m2/repository/org/apache/maven/shared/maven-mapping/1.0/maven-mapping-1.0.jar
7fb8e860e000-7fb8e8611000 r--s 00023000 08:03 1179700                    /home/hdias/.m2/repository/org/apache/maven/shared/maven-shared-utils/0.3/maven-shared-utils-0.3.jar
7fb8e8611000-7fb8e8613000 r--s 00009000 08:03 1179701                    /home/hdias/.m2/repository/org/apache/maven/shared/maven-filtering/1.2/maven-filtering-1.2.jar
7fb8e8613000-7fb8e8617000 r--s 00038000 08:03 1054920                    /home/hdias/.m2/repository/org/codehaus/plexus/plexus-utils/3.0.18/plexus-utils-3.0.18.jar
7fb8e8617000-7fb8e8619000 r--s 00005000 08:03 1179698                    /home/hdias/.m2/repository/xpp3/xpp3_min/1.1.4c/xpp3_min-1.1.4c.jar
7fb8e8619000-7fb8e8626000 r--s 0006a000 08:03 1179695                    /home/hdias/.m2/repository/com/thoughtworks/xstream/xstream/1.4.4/xstream-1.4.4.jar
7fb8e8626000-7fb8e8629000 r--s 0000d000 08:03 1054918                    /home/hdias/.m2/repository/org/codehaus/plexus/plexus-interpolation/1.19/plexus-interpolation-1.19.jar
7fb8e8629000-7fb8e8630000 r--s 00053000 08:03 1054914                    /home/hdias/.m2/repository/org/apache/commons/commons-compress/1.8.1/commons-compress-1.8.1.jar
7fb8e8630000-7fb8e8634000 r--s 0001d000 08:03 1054916                    /home/hdias/.m2/repository/org/codehaus/plexus/plexus-archiver/2.6.3/plexus-archiver-2.6.3.jar
7fb8e8634000-7fb8e8638000 r--s 00027000 08:03 1054910                    /home/hdias/.m2/repository/commons-io/commons-io/2.2/commons-io-2.2.jar
7fb8e8638000-7fb8e863b000 r--s 0000e000 08:03 1054908                    /home/hdias/.m2/repository/org/codehaus/plexus/plexus-io/2.1.3/plexus-io-2.1.3.jar
7fb8e863b000-7fb8e863d000 r--s 00004000 08:03 1054183                    /home/hdias/.m2/repository/org/apache/maven/maven-archiver/2.5/maven-archiver-2.5.jar
7fb8e863d000-7fb8e863f000 r--s 00009000 08:03 1054909                    /home/hdias/.m2/repository/commons-cli/commons-cli/1.2/commons-cli-1.2.jar
7fb8e863f000-7fb8e883f000 rw-p 00000000 00:00 0 
7fb8e883f000-7fb8e8a3f000 rw-p 00000000 00:00 0 
7fb8e8a3f000-7fb8e8ab7000 r--s 010e3000 08:03 658015                     /home/hdias/jdk1.8.0_73/lib/tools.jar
7fb8e8ab7000-7fb8e8cb7000 rw-p 00000000 00:00 0 
7fb8e8cb7000-7fb8e8cc8000 r-xp 00000000 08:03 657859                     /home/hdias/jdk1.8.0_73/jre/lib/amd64/libnio.so
7fb8e8cc8000-7fb8e8ec7000 ---p 00011000 08:03 657859                     /home/hdias/jdk1.8.0_73/jre/lib/amd64/libnio.so
7fb8e8ec7000-7fb8e8ec8000 rw-p 00010000 08:03 657859                     /home/hdias/jdk1.8.0_73/jre/lib/amd64/libnio.so
7fb8e8ec8000-7fb8e91c9000 rw-p 00000000 00:00 0 
7fb8e91c9000-7fb8e91df000 r-xp 00000000 08:03 657860                     /home/hdias/jdk1.8.0_73/jre/lib/amd64/libnet.so
7fb8e91df000-7fb8e93df000 ---p 00016000 08:03 657860                     /home/hdias/jdk1.8.0_73/jre/lib/amd64/libnet.so
7fb8e93df000-7fb8e93e0000 rw-p 00016000 08:03 657860                     /home/hdias/jdk1.8.0_73/jre/lib/amd64/libnet.so
7fb8e93e0000-7fb8ec000000 rw-p 00000000 00:00 0 
7fb8ec000000-7fb8ec021000 rw-p 00000000 00:00 0 
7fb8ec021000-7fb8f0000000 ---p 00000000 00:00 0 
7fb8f0000000-7fb8f0001000 r--s 00001000 08:03 1179696                    /home/hdias/.m2/repository/xmlpull/xmlpull/1.1.3.1/xmlpull-1.1.3.1.jar
7fb8f0001000-7fb8f0002000 r--s 00002000 08:03 1054907                    /home/hdias/.m2/repository/org/apache/maven/doxia/doxia-logging-api/1.1/doxia-logging-api-1.1.jar
7fb8f0002000-7fb8f0004000 r--s 00002000 08:03 1054905                    /home/hdias/.m2/repository/org/apache/maven/doxia/doxia-sink-api/1.1/doxia-sink-api-1.1.jar
7fb8f0004000-7fb8f0005000 r--s 00002000 08:03 1054904                    /home/hdias/.m2/repository/org/apache/maven/reporting/maven-reporting-api/2.2.1/maven-reporting-api-2.2.1.jar
7fb8f0005000-7fb8f0007000 r--s 00013000 08:03 1053682                    /home/hdias/.m2/repository/org/apache/maven/plugins/maven-war-plugin/2.5/maven-war-plugin-2.5.jar
7fb8f0007000-7fb8f0009000 r--s 00002000 08:03 1054088                    /home/hdias/.m2/repository/org/apache/maven/plugin-tools/maven-plugin-annotations/3.3/maven-plugin-annotations-3.3.jar
7fb8f0009000-7fb8f000e000 r--s 00020000 08:03 1054086                    /home/hdias/.m2/repository/org/apache/maven/surefire/surefire-api/2.18.1/surefire-api-2.18.1.jar
7fb8f000e000-7fb8f0014000 r--s 00048000 08:03 1054084                    /home/hdias/.m2/repository/org/apache/commons/commons-lang3/3.1/commons-lang3-3.1.jar
7fb8f0014000-7fb8f0016000 r--s 00002000 08:03 1054081                    /home/hdias/.m2/repository/org/sonatype/plexus/plexus-cipher/1.4/plexus-cipher-1.4.jar
7fb8f0016000-7fb8f0017000 r--s 00006000 08:03 1054079                    /home/hdias/.m2/repository/org/sonatype/plexus/plexus-sec-dispatcher/1.3/plexus-sec-dispatcher-1.3.jar
7fb8f0017000-7fb8f0018000 r--s 00002000 08:03 1054070                    /home/hdias/.m2/repository/org/apache/maven/reporting/maven-reporting-api/3.0/maven-reporting-api-3.0.jar
7fb8f0018000-7fb8f001a000 r--s 00003000 08:03 1054068                    /home/hdias/.m2/repository/org/slf4j/jcl-over-slf4j/1.5.6/jcl-over-slf4j-1.5.6.jar
7fb8f001a000-7fb8f001c000 r--s 00004000 08:03 1054066                    /home/hdias/.m2/repository/org/slf4j/slf4j-api/1.5.6/slf4j-api-1.5.6.jar
7fb8f001c000-7fb8f001e000 r--s 00001000 08:03 1054064                    /home/hdias/.m2/repository/org/slf4j/slf4j-jdk14/1.5.6/slf4j-jdk14-1.5.6.jar
7fb8f001e000-7fb8f0020000 r--s 0000b000 08:03 1054056                    /home/hdias/.m2/repository/org/codehaus/plexus/plexus-interpolation/1.11/plexus-interpolation-1.11.jar
7fb8f0020000-7fb8f0028000 r--s 00049000 08:03 1054050                    /home/hdias/.m2/repository/backport-util-concurrent/backport-util-concurrent/3.1/backport-util-concurrent-3.1.jar
7fb8f0028000-7fb8f002c000 r--s 00034000 08:03 1054035                    /home/hdias/.m2/repository/org/codehaus/plexus/plexus-utils/1.5.15/plexus-utils-1.5.15.jar
7fb8f002c000-7fb8f002e000 r--s 00008000 08:03 1054029                    /home/hdias/.m2/repository/org/apache/maven/surefire/surefire-booter/2.18.1/surefire-booter-2.18.1.jar
7fb8f002e000-7fb8f0034000 r--s 0003e000 08:03 1054031                    /home/hdias/.m2/repository/org/apache/maven/surefire/maven-surefire-common/2.18.1/maven-surefire-common-2.18.1.jar
7fb8f0034000-7fb8f0036000 r--s 00008000 08:03 1051031                    /home/hdias/.m2/repository/org/apache/maven/plugins/maven-surefire-plugin/2.18.1/maven-surefire-plugin-2.18.1.jar
7fb8f0036000-7fb8f0039000 r--s 0001b000 08:03 1051967                    /home/hdias/.m2/repository/junit/junit/3.8.2/junit-3.8.2.jar
7fb8f0039000-7fb8f0047000 r--s 0008f000 08:03 1051964                    /home/hdias/.m2/repository/com/google/collections/google-collections/1.0/google-collections-1.0.jar
7fb8f0047000-7fb8f0048000 r--s 0000a000 08:03 1051962                    /home/hdias/.m2/repository/commons-logging/commons-logging-api/1.1/commons-logging-api-1.1.jar
7fb8f0048000-7fb8f004f000 r--s 00051000 08:03 1051959                    /home/hdias/.m2/repository/log4j/log4j/1.2.12/log4j-1.2.12.jar
7fb8f004f000-7fb8f0053000 r--s 0001d000 08:03 1051960                    /home/hdias/.m2/repository/org/apache/xbean/xbean-reflect/3.4/xbean-reflect-3.4.jar
7fb8f0053000-7fb8f0054000 r--s 00004000 08:03 1051958                    /home/hdias/.m2/repository/org/codehaus/plexus/plexus-compiler-javac/2.2/plexus-compiler-javac-2.2.jar
7fb8f0054000-7fb8f0056000 r--s 00000000 08:03 1051953                    /home/hdias/.m2/repository/org/codehaus/plexus/plexus-compiler-manager/2.2/plexus-compiler-manager-2.2.jar
7fb8f0056000-7fb8f0058000 r--s 00005000 08:03 1051954                    /home/hdias/.m2/repository/org/codehaus/plexus/plexus-compiler-api/2.2/plexus-compiler-api-2.2.jar
7fb8f0058000-7fb8f005a000 r--s 00000000 08:03 1051950                    /home/hdias/.m2/repository/org/codehaus/plexus/plexus-component-annotations/1.5.5/plexus-component-annotations-1.5.5.jar
7fb8f005a000-7fb8f005c000 r--s 00002000 08:03 1051949                    /home/hdias/.m2/repository/org/apache/maven/shared/maven-shared-incremental/1.1/maven-shared-incremental-1.1.jar
7fb8f005c000-7fb8f005e000 r--s 00006000 08:03 1051946                    /home/hdias/.m2/repository/com/google/code/findbugs/jsr305/2.0.1/jsr305-2.0.1.jar
7fb8f005e000-7fb8f0061000 r--s 00023000 08:03 1051948                    /home/hdias/.m2/repository/org/apache/maven/shared/maven-shared-utils/0.1/maven-shared-utils-0.1.jar
7fb8f0061000-7fb8f0065000 r--s 00030000 08:03 1051947                    /home/hdias/.m2/repository/org/codehaus/plexus/plexus-utils/1.5.1/plexus-utils-1.5.1.jar
7fb8f0065000-7fb8f0067000 r--s 00009000 08:03 1051010                    /home/hdias/.m2/repository/org/apache/maven/plugins/maven-compiler-plugin/3.1/maven-compiler-plugin-3.1.jar
7fb8f0067000-7fb8f0069000 r--s 0000d000 08:03 1051603                    /home/hdias/.m2/repository/org/codehaus/plexus/plexus-interpolation/1.13/plexus-interpolation-1.13.jar
7fb8f0069000-7fb8f006a000 r--s 00001000 08:03 1051602                    /home/hdias/.m2/repository/org/sonatype/plexus/plexus-build-api/0.0.4/plexus-build-api-0.0.4.jar
7fb8f006a000-7fb8f006c000 r--s 00009000 08:03 1051601                    /home/hdias/.m2/repository/org/apache/maven/shared/maven-filtering/1.1/maven-filtering-1.1.jar
7fb8f006c000-7fb8f0070000 r--s 00033000 08:03 1051599                    /home/hdias/.m2/repository/org/codehaus/plexus/plexus-utils/2.0.5/plexus-utils-2.0.5.jar
7fb8f0070000-7fb8f0073000 r--s 0001b000 08:03 1051595                    /home/hdias/.m2/repository/junit/junit/3.8.1/junit-3.8.1.jar
7fb8f0073000-7fb8f0075000 r--s 00002000 08:03 1051591                    /home/hdias/.m2/repository/org/codehaus/plexus/plexus-interactivity-api/1.0-alpha-4/plexus-interactivity-api-1.0-alpha-4.jar
7fb8f0075000-7fb8f0077000 r--s 00006000 08:03 1051592                    /home/hdias/.m2/repository/commons-cli/commons-cli/1.0/commons-cli-1.0.jar
7fb8f0077000-7fb8f0078000 r--s 00001000 08:03 1051594                    /home/hdias/.m2/repository/org/apache/maven/doxia/doxia-sink-api/1.0-alpha-7/doxia-sink-api-1.0-alpha-7.jar
7fb8f0078000-7fb8f0079000 r--s 00002000 08:03 1051593                    /home/hdias/.m2/repository/org/apache/maven/reporting/maven-reporting-api/2.0.6/maven-reporting-api-2.0.6.jar
7fb8f0079000-7fb8f007b000 r--s 00006000 08:03 1050991                    /home/hdias/.m2/repository/org/apache/maven/plugins/maven-resources-plugin/2.6/maven-resources-plugin-2.6.jar
7fb8f007b000-7fb8f007f000 r--s 00034000 08:03 1051383                    /home/hdias/.m2/repository/org/codehaus/plexus/plexus-utils/3.0/plexus-utils-3.0.jar
7fb8f007f000-7fb8f0081000 r--s 00005000 08:03 1050972                    /home/hdias/.m2/repository/org/apache/maven/plugins/maven-clean-plugin/2.5/maven-clean-plugin-2.5.jar
7fb8f0081000-7fb8f0084000 ---p 00000000 00:00 0 
7fb8f0084000-7fb8f00ba000 rw-p 00000000 00:00 0 
7fb8f00ba000-7fb8f00bb000 r--p 00000000 00:00 0 
7fb8f00bb000-7fb8f02bb000 rw-p 00000000 00:00 0 
7fb8f02bb000-7fb8f02bf000 r--s 00097000 08:03 657972                     /home/hdias/jdk1.8.0_73/jre/lib/jsse.jar
7fb8f02bf000-7fb8f04bf000 rw-p 00000000 00:00 0 
7fb8f04bf000-7fb8f04c1000 r--s 0000c000 08:03 662359                     /home/hdias/netbeans-8.1/java/maven-nblib/netbeans-eventspy.jar
7fb8f04c1000-7fb8f04c7000 r--s 0003e000 08:03 662364                     /home/hdias/netbeans-8.1/java/maven/lib/maven-compat-3.0.5.jar
7fb8f04c7000-7fb8f04c9000 r--s 0000b000 08:03 662337                     /home/hdias/netbeans-8.1/java/maven/lib/wagon-provider-api-2.4.jar
7fb8f04c9000-7fb8f04cb000 r--s 00000000 08:03 662020                     /home/hdias/netbeans-8.1/java/maven/lib/plexus-component-annotations-1.5.5.jar
7fb8f04cb000-7fb8f04cd000 r--s 0000b000 08:03 662351                     /home/hdias/netbeans-8.1/java/maven/lib/maven-artifact-3.0.5.jar
7fb8f04cd000-7fb8f04cf000 r--s 0000a000 08:03 662336                     /home/hdias/netbeans-8.1/java/maven/lib/maven-plugin-api-3.0.5.jar
7fb8f04cf000-7fb8f04ea000 r--s 000e0000 08:03 662345                     /home/hdias/netbeans-8.1/java/maven/lib/wagon-http-2.4-shaded.jar
7fb8f04ea000-7fb8f04ec000 r--s 0000c000 08:03 662254                     /home/hdias/netbeans-8.1/java/maven/lib/maven-aether-provider-3.0.5.jar
7fb8f04ec000-7fb8f04ee000 r--s 0000a000 08:03 662352                     /home/hdias/netbeans-8.1/java/maven/lib/maven-settings-3.0.5.jar
7fb8f04ee000-7fb8f04f8000 r--s 00116000 08:03 657802                     /home/hdias/jdk1.8.0_73/jre/lib/ext/localedata.jar
7fb8f04f8000-7fb8f0514000 r--s 00393000 08:03 657837                     /home/hdias/jdk1.8.0_73/jre/lib/ext/cldrdata.jar
7fb8f0514000-7fb8f0518000 r--s 00012000 08:03 662372                     /home/hdias/netbeans-8.1/java/maven/lib/aether-api-1.13.1.jar
7fb8f0518000-7fb8f0519000 ---p 00000000 00:00 0 
7fb8f0519000-7fb8f0619000 rw-p 00000000 00:00 0 
7fb8f0619000-7fb8f061c000 ---p 00000000 00:00 0 
7fb8f061c000-7fb8f071a000 rw-p 00000000 00:00 0 
7fb8f071a000-7fb8f071d000 ---p 00000000 00:00 0 
7fb8f071d000-7fb8f081b000 rw-p 00000000 00:00 0 
7fb8f081b000-7fb8f081e000 ---p 00000000 00:00 0 
7fb8f081e000-7fb8f091c000 rw-p 00000000 00:00 0 
7fb8f091c000-7fb8f1000000 r--p 00000000 08:03 1580638                    /usr/lib/locale/locale-archive
7fb8f1000000-7fb8f1eb0000 rwxp 00000000 00:00 0 
7fb8f1eb0000-7fb900000000 ---p 00000000 00:00 0 
7fb900000000-7fb90121c000 rw-p 00000000 00:00 0 
7fb90121c000-7fb904000000 ---p 00000000 00:00 0 
7fb904000000-7fb904001000 r--s 00003000 08:03 662371                     /home/hdias/netbeans-8.1/java/maven/lib/aether-spi-1.13.1.jar
7fb904001000-7fb904003000 r--s 00006000 08:03 662141                     /home/hdias/netbeans-8.1/java/maven/lib/maven-repository-metadata-3.0.5.jar
7fb904003000-7fb904006000 r--s 00033000 08:03 662363                     /home/hdias/netbeans-8.1/java/maven/lib/plexus-utils-2.0.6.jar
7fb904006000-7fb904008000 r--s 0000d000 08:03 662293                     /home/hdias/netbeans-8.1/java/maven/lib/plexus-interpolation-1.14.jar
7fb904008000-7fb90400a000 r--s 00009000 08:03 662350                     /home/hdias/netbeans-8.1/java/maven/lib/maven-embedder-3.0.5.jar
7fb90400a000-7fb904011000 r--s 0003e000 08:03 662335                     /home/hdias/netbeans-8.1/java/maven/lib/sisu-inject-bean-2.3.0.jar
7fb904011000-7fb904014000 r--s 00025000 08:03 662369                     /home/hdias/netbeans-8.1/java/maven/lib/maven-model-3.0.5.jar
7fb904014000-7fb904018000 r--s 0001c000 08:03 662366                     /home/hdias/netbeans-8.1/java/maven/lib/aether-util-1.13.1.jar
7fb904018000-7fb904036000 r--s 0014f000 08:03 662378                     /home/hdias/netbeans-8.1/java/maven/lib/sisu-guava-0.9.9.jar
7fb904036000-7fb904064000 r--s 001c2000 08:03 662292                     /home/hdias/netbeans-8.1/java/maven/lib/ext/wagon-http-2.8-shaded.jar
7fb904064000-7fb904067000 ---p 00000000 00:00 0 
7fb904067000-7fb904165000 rw-p 00000000 00:00 0 
7fb904165000-7fb904168000 ---p 00000000 00:00 0 
7fb904168000-7fb904266000 rw-p 00000000 00:00 0 
7fb904266000-7fb904269000 ---p 00000000 00:00 0 
7fb904269000-7fb904367000 rw-p 00000000 00:00 0 
7fb904367000-7fb90436a000 ---p 00000000 00:00 0 
7fb90436a000-7fb904468000 rw-p 00000000 00:00 0 
7fb904468000-7fb904469000 ---p 00000000 00:00 0 
7fb904469000-7fb90554b000 rw-p 00000000 00:00 0 
7fb90554b000-7fb905723000 r--s 03d23000 08:03 658001                     /home/hdias/jdk1.8.0_73/jre/lib/rt.jar
7fb905723000-7fb90625b000 rw-p 00000000 00:00 0 
7fb90625b000-7fb90625c000 ---p 00000000 00:00 0 
7fb90625c000-7fb90635c000 rw-p 00000000 00:00 0 
7fb90635c000-7fb90635d000 ---p 00000000 00:00 0 
7fb90635d000-7fb90645d000 rw-p 00000000 00:00 0 
7fb90645d000-7fb90645e000 ---p 00000000 00:00 0 
7fb90645e000-7fb90655e000 rw-p 00000000 00:00 0 
7fb90655e000-7fb90655f000 ---p 00000000 00:00 0 
7fb90655f000-7fb90667f000 rw-p 00000000 00:00 0 
7fb90667f000-7fb906836000 ---p 00000000 00:00 0 
7fb906836000-7fb906856000 rw-p 00000000 00:00 0 
7fb906856000-7fb906a0c000 ---p 00000000 00:00 0 
7fb906a0c000-7fb906a78000 rw-p 00000000 00:00 0 
7fb906a78000-7fb906af8000 ---p 00000000 00:00 0 
7fb906af8000-7fb906b34000 rw-p 00000000 00:00 0 
7fb906b34000-7fb906eb9000 ---p 00000000 00:00 0 
7fb906eb9000-7fb906ed3000 r-xp 00000000 08:03 657858                     /home/hdias/jdk1.8.0_73/jre/lib/amd64/libzip.so
7fb906ed3000-7fb9070d3000 ---p 0001a000 08:03 657858                     /home/hdias/jdk1.8.0_73/jre/lib/amd64/libzip.so
7fb9070d3000-7fb9070d4000 rw-p 0001a000 08:03 657858                     /home/hdias/jdk1.8.0_73/jre/lib/amd64/libzip.so
7fb9070d4000-7fb9070e0000 r-xp 00000000 08:03 4065456                    /lib/x86_64-linux-gnu/libnss_files-2.21.so
7fb9070e0000-7fb9072df000 ---p 0000c000 08:03 4065456                    /lib/x86_64-linux-gnu/libnss_files-2.21.so
7fb9072df000-7fb9072e0000 r--p 0000b000 08:03 4065456                    /lib/x86_64-linux-gnu/libnss_files-2.21.so
7fb9072e0000-7fb9072e1000 rw-p 0000c000 08:03 4065456                    /lib/x86_64-linux-gnu/libnss_files-2.21.so
7fb9072e1000-7fb9072ec000 r-xp 00000000 08:03 4074018                    /lib/x86_64-linux-gnu/libnss_nis-2.21.so
7fb9072ec000-7fb9074eb000 ---p 0000b000 08:03 4074018                    /lib/x86_64-linux-gnu/libnss_nis-2.21.so
7fb9074eb000-7fb9074ec000 r--p 0000a000 08:03 4074018                    /lib/x86_64-linux-gnu/libnss_nis-2.21.so
7fb9074ec000-7fb9074ed000 rw-p 0000b000 08:03 4074018                    /lib/x86_64-linux-gnu/libnss_nis-2.21.so
7fb9074ed000-7fb907504000 r-xp 00000000 08:03 4074012                    /lib/x86_64-linux-gnu/libnsl-2.21.so
7fb907504000-7fb907703000 ---p 00017000 08:03 4074012                    /lib/x86_64-linux-gnu/libnsl-2.21.so
7fb907703000-7fb907704000 r--p 00016000 08:03 4074012                    /lib/x86_64-linux-gnu/libnsl-2.21.so
7fb907704000-7fb907705000 rw-p 00017000 08:03 4074012                    /lib/x86_64-linux-gnu/libnsl-2.21.so
7fb907705000-7fb907707000 rw-p 00000000 00:00 0 
7fb907707000-7fb90770f000 r-xp 00000000 08:03 4065458                    /lib/x86_64-linux-gnu/libnss_compat-2.21.so
7fb90770f000-7fb90790e000 ---p 00008000 08:03 4065458                    /lib/x86_64-linux-gnu/libnss_compat-2.21.so
7fb90790e000-7fb90790f000 r--p 00007000 08:03 4065458                    /lib/x86_64-linux-gnu/libnss_compat-2.21.so
7fb90790f000-7fb907910000 rw-p 00008000 08:03 4065458                    /lib/x86_64-linux-gnu/libnss_compat-2.21.so
7fb907910000-7fb90793a000 r-xp 00000000 08:03 657834                     /home/hdias/jdk1.8.0_73/jre/lib/amd64/libjava.so
7fb90793a000-7fb907b3a000 ---p 0002a000 08:03 657834                     /home/hdias/jdk1.8.0_73/jre/lib/amd64/libjava.so
7fb907b3a000-7fb907b3c000 rw-p 0002a000 08:03 657834                     /home/hdias/jdk1.8.0_73/jre/lib/amd64/libjava.so
7fb907b3c000-7fb907b49000 r-xp 00000000 08:03 657799                     /home/hdias/jdk1.8.0_73/jre/lib/amd64/libverify.so
7fb907b49000-7fb907d49000 ---p 0000d000 08:03 657799                     /home/hdias/jdk1.8.0_73/jre/lib/amd64/libverify.so
7fb907d49000-7fb907d4b000 rw-p 0000d000 08:03 657799                     /home/hdias/jdk1.8.0_73/jre/lib/amd64/libverify.so
7fb907d4b000-7fb907d52000 r-xp 00000000 08:03 4065452                    /lib/x86_64-linux-gnu/librt-2.21.so
7fb907d52000-7fb907f51000 ---p 00007000 08:03 4065452                    /lib/x86_64-linux-gnu/librt-2.21.so
7fb907f51000-7fb907f52000 r--p 00006000 08:03 4065452                    /lib/x86_64-linux-gnu/librt-2.21.so
7fb907f52000-7fb907f53000 rw-p 00007000 08:03 4065452                    /lib/x86_64-linux-gnu/librt-2.21.so
7fb907f53000-7fb90805a000 r-xp 00000000 08:03 4074020                    /lib/x86_64-linux-gnu/libm-2.21.so
7fb90805a000-7fb908259000 ---p 00107000 08:03 4074020                    /lib/x86_64-linux-gnu/libm-2.21.so
7fb908259000-7fb90825a000 r--p 00106000 08:03 4074020                    /lib/x86_64-linux-gnu/libm-2.21.so
7fb90825a000-7fb90825b000 rw-p 00107000 08:03 4074020                    /lib/x86_64-linux-gnu/libm-2.21.so
7fb90825b000-7fb908f1a000 r-xp 00000000 08:03 657716                     /home/hdias/jdk1.8.0_73/jre/lib/amd64/server/libjvm.so
7fb908f1a000-7fb909119000 ---p 00cbf000 08:03 657716                     /home/hdias/jdk1.8.0_73/jre/lib/amd64/server/libjvm.so
7fb909119000-7fb9091f2000 rw-p 00cbe000 08:03 657716                     /home/hdias/jdk1.8.0_73/jre/lib/amd64/server/libjvm.so
7fb9091f2000-7fb90923b000 rw-p 00000000 00:00 0 
7fb90923b000-7fb9093fb000 r-xp 00000000 08:03 4074021                    /lib/x86_64-linux-gnu/libc-2.21.so
7fb9093fb000-7fb9095fb000 ---p 001c0000 08:03 4074021                    /lib/x86_64-linux-gnu/libc-2.21.so
7fb9095fb000-7fb9095ff000 r--p 001c0000 08:03 4074021                    /lib/x86_64-linux-gnu/libc-2.21.so
7fb9095ff000-7fb909601000 rw-p 001c4000 08:03 4074021                    /lib/x86_64-linux-gnu/libc-2.21.so
7fb909601000-7fb909605000 rw-p 00000000 00:00 0 
7fb909605000-7fb909608000 r-xp 00000000 08:03 4074017                    /lib/x86_64-linux-gnu/libdl-2.21.so
7fb909608000-7fb909807000 ---p 00003000 08:03 4074017                    /lib/x86_64-linux-gnu/libdl-2.21.so
7fb909807000-7fb909808000 r--p 00002000 08:03 4074017                    /lib/x86_64-linux-gnu/libdl-2.21.so
7fb909808000-7fb909809000 rw-p 00003000 08:03 4074017                    /lib/x86_64-linux-gnu/libdl-2.21.so
7fb909809000-7fb90981e000 r-xp 00000000 08:03 657867                     /home/hdias/jdk1.8.0_73/lib/amd64/jli/libjli.so
7fb90981e000-7fb909a1e000 ---p 00015000 08:03 657867                     /home/hdias/jdk1.8.0_73/lib/amd64/jli/libjli.so
7fb909a1e000-7fb909a1f000 rw-p 00015000 08:03 657867                     /home/hdias/jdk1.8.0_73/lib/amd64/jli/libjli.so
7fb909a1f000-7fb909a37000 r-xp 00000000 08:03 4065454                    /lib/x86_64-linux-gnu/libpthread-2.21.so
7fb909a37000-7fb909c37000 ---p 00018000 08:03 4065454                    /lib/x86_64-linux-gnu/libpthread-2.21.so
7fb909c37000-7fb909c38000 r--p 00018000 08:03 4065454                    /lib/x86_64-linux-gnu/libpthread-2.21.so
7fb909c38000-7fb909c39000 rw-p 00019000 08:03 4065454                    /lib/x86_64-linux-gnu/libpthread-2.21.so
7fb909c39000-7fb909c3d000 rw-p 00000000 00:00 0 
7fb909c3d000-7fb909c61000 r-xp 00000000 08:03 4074015                    /lib/x86_64-linux-gnu/ld-2.21.so
7fb909c61000-7fb909c62000 r--s 00006000 08:03 662290                     /home/hdias/netbeans-8.1/java/maven/lib/plexus-sec-dispatcher-1.3.jar
7fb909c62000-7fb909c63000 r--s 00002000 08:03 662382                     /home/hdias/netbeans-8.1/java/maven/lib/wagon-file-2.4.jar
7fb909c63000-7fb909c65000 r--s 00006000 08:03 662207                     /home/hdias/netbeans-8.1/java/maven/lib/aether-connector-wagon-1.13.1.jar
7fb909c65000-7fb909c6d000 r--s 0004e000 08:03 662325                     /home/hdias/netbeans-8.1/java/maven/lib/sisu-guice-3.1.0-no_aop.jar
7fb909c6d000-7fb909c70000 r--s 0001d000 08:03 662365                     /home/hdias/netbeans-8.1/java/maven/lib/aether-impl-1.13.1.jar
7fb909c70000-7fb909c73000 r--s 00008000 08:03 662236                     /home/hdias/netbeans-8.1/java/maven/lib/maven-settings-builder-3.0.5.jar
7fb909c73000-7fb909c75000 r--s 00002000 08:03 662370                     /home/hdias/netbeans-8.1/java/maven/lib/plexus-cipher-1.7.jar
7fb909c75000-7fb909d35000 rw-p 00000000 00:00 0 
7fb909d35000-7fb909d38000 ---p 00000000 00:00 0 
7fb909d38000-7fb909e3a000 rw-p 00000000 00:00 0 
7fb909e3a000-7fb909e3b000 r--s 00009000 08:03 662380                     /home/hdias/netbeans-8.1/java/maven/lib/commons-cli-1.2.jar
7fb909e3b000-7fb909e47000 r--s 0007b000 08:03 662377                     /home/hdias/netbeans-8.1/java/maven/lib/maven-core-3.0.5.jar
7fb909e47000-7fb909e4d000 r--s 0002b000 08:03 662312                     /home/hdias/netbeans-8.1/java/maven/lib/sisu-inject-plexus-2.3.0.jar
7fb909e4d000-7fb909e52000 r--s 00020000 08:03 662289                     /home/hdias/netbeans-8.1/java/maven/lib/maven-model-builder-3.0.5.jar
7fb909e52000-7fb909e54000 r--s 0000a000 08:03 662324                     /home/hdias/netbeans-8.1/java/maven/boot/plexus-classworlds-2.4.jar
7fb909e54000-7fb909e5c000 rw-s 00000000 08:03 2126529                    /tmp/hsperfdata_hdias/20360
7fb909e5c000-7fb909e5d000 rw-p 00000000 00:00 0 
7fb909e5d000-7fb909e5e000 ---p 00000000 00:00 0 
7fb909e5e000-7fb909e60000 rw-p 00000000 00:00 0 
7fb909e60000-7fb909e61000 r--p 00023000 08:03 4074015                    /lib/x86_64-linux-gnu/ld-2.21.so
7fb909e61000-7fb909e62000 rw-p 00024000 08:03 4074015                    /lib/x86_64-linux-gnu/ld-2.21.so
7fb909e62000-7fb909e63000 rw-p 00000000 00:00 0 
7ffcd97ef000-7ffcd9810000 rw-p 00000000 00:00 0                          [stack]
7ffcd98c5000-7ffcd98c7000 r--p 00000000 00:00 0                          [vvar]
7ffcd98c7000-7ffcd98c9000 r-xp 00000000 00:00 0                          [vdso]
ffffffffff600000-ffffffffff601000 r-xp 00000000 00:00 0                  [vsyscall]

VM Arguments:
jvm_args: -Dclassworlds.conf=/home/hdias/netbeans-8.1/java/maven/bin/m2.conf -Dmaven.home=/home/hdias/netbeans-8.1/java/maven 
java_command: org.codehaus.plexus.classworlds.launcher.Launcher -Dmaven.ext.class.path=/home/hdias/netbeans-8.1/java/maven-nblib/netbeans-eventspy.jar clean install
java_class_path (initial): /home/hdias/netbeans-8.1/java/maven/boot/plexus-classworlds-2.4.jar
Launcher Type: SUN_STANDARD

Environment Variables:
JAVA_HOME=/home/hdias/jdk1.8.0_73
PATH=/usr/local/sbin:/usr/local/bin:/usr/sbin:/usr/bin:/sbin:/bin:/usr/games:/usr/local/games
LD_LIBRARY_PATH=/home/hdias/jdk1.8.0_73/jre/lib/amd64:/home/hdias/jdk1.8.0_73/jre/lib/i386:
SHELL=/bin/bash
DISPLAY=:0

Signal Handlers:
SIGSEGV: [libjvm.so+0xabafa0], sa_mask[0]=11111111011111111101111111111110, sa_flags=SA_RESTART|SA_SIGINFO
SIGBUS: [libjvm.so+0xabafa0], sa_mask[0]=11111111011111111101111111111110, sa_flags=SA_RESTART|SA_SIGINFO
SIGFPE: [libjvm.so+0x9183c0], sa_mask[0]=11111111011111111101111111111110, sa_flags=SA_RESTART|SA_SIGINFO
SIGPIPE: [libjvm.so+0x9183c0], sa_mask[0]=11111111011111111101111111111110, sa_flags=SA_RESTART|SA_SIGINFO
SIGXFSZ: [libjvm.so+0x9183c0], sa_mask[0]=11111111011111111101111111111110, sa_flags=SA_RESTART|SA_SIGINFO
SIGILL: [libjvm.so+0x9183c0], sa_mask[0]=11111111011111111101111111111110, sa_flags=SA_RESTART|SA_SIGINFO
SIGUSR1: SIG_DFL, sa_mask[0]=00000000000000000000000000000000, sa_flags=none
SIGUSR2: [libjvm.so+0x9199f0], sa_mask[0]=00100000000000000000000000000000, sa_flags=SA_RESTART|SA_SIGINFO
SIGHUP: [libjvm.so+0x91adf0], sa_mask[0]=11111111011111111101111111111110, sa_flags=SA_RESTART|SA_SIGINFO
SIGINT: SIG_IGN, sa_mask[0]=00000000000000000000000000000000, sa_flags=none
SIGTERM: [libjvm.so+0x91adf0], sa_mask[0]=11111111011111111101111111111110, sa_flags=SA_RESTART|SA_SIGINFO
SIGQUIT: [libjvm.so+0x91adf0], sa_mask[0]=11111111011111111101111111111110, sa_flags=SA_RESTART|SA_SIGINFO


---------------  S Y S T E M  ---------------

OS:DISTRIB_ID=Ubuntu
DISTRIB_RELEASE=15.10
DISTRIB_CODENAME=wily
DISTRIB_DESCRIPTION="Ubuntu 15.10"

uname:Linux 4.2.0-36-generic #41-Ubuntu SMP Mon Apr 18 15:49:10 UTC 2016 x86_64
libc:glibc 2.21 NPTL 2.21 
rlimit: STACK 8192k, CORE 0k, NPROC 22419, NOFILE 65536, AS infinity
load average:8,48 2,78 1,35

/proc/meminfo:
MemTotal:        5775952 kB
MemFree:           41728 kB
MemAvailable:     100044 kB
Buffers:            1660 kB
Cached:           314924 kB
SwapCached:         2172 kB
Active:          4465696 kB
Inactive:        1055996 kB
Active(anon):    4436180 kB
Inactive(anon):  1033120 kB
Active(file):      29516 kB
Inactive(file):    22876 kB
Unevictable:          48 kB
Mlocked:              48 kB
SwapTotal:       2175996 kB
SwapFree:              0 kB
Dirty:               108 kB
Writeback:             0 kB
AnonPages:       5204096 kB
Mapped:           108804 kB
Shmem:            264300 kB
Slab:              84804 kB
SReclaimable:      41600 kB
SUnreclaim:        43204 kB
KernelStack:       12720 kB
PageTables:        65360 kB
NFS_Unstable:          0 kB
Bounce:                0 kB
WritebackTmp:          0 kB
CommitLimit:     5063972 kB
Committed_AS:   13431160 kB
VmallocTotal:   34359738367 kB
VmallocUsed:      553548 kB
VmallocChunk:   34358423548 kB
HardwareCorrupted:     0 kB
AnonHugePages:   1396736 kB
CmaTotal:              0 kB
CmaFree:               0 kB
HugePages_Total:       0
HugePages_Free:        0
HugePages_Rsvd:        0
HugePages_Surp:        0
Hugepagesize:       2048 kB
DirectMap4k:      326756 kB
DirectMap2M:     5627904 kB


CPU:total 4 (2 cores per cpu, 2 threads per core) family 6 model 37 stepping 5, cmov, cx8, fxsr, mmx, sse, sse2, sse3, ssse3, sse4.1, sse4.2, popcnt, ht, tsc, tscinvbit

/proc/cpuinfo:
processor	: 0
vendor_id	: GenuineIntel
cpu family	: 6
model		: 37
model name	: Intel(R) Core(TM) i3 CPU       M 350  @ 2.27GHz
stepping	: 5
microcode	: 0x4
cpu MHz		: 2266.000
cache size	: 3072 KB
physical id	: 0
siblings	: 4
core id		: 0
cpu cores	: 2
apicid		: 0
initial apicid	: 0
fpu		: yes
fpu_exception	: yes
cpuid level	: 11
wp		: yes
flags		: fpu vme de pse tsc msr pae mce cx8 apic sep mtrr pge mca cmov pat pse36 clflush dts acpi mmx fxsr sse sse2 ss ht tm pbe syscall nx rdtscp lm constant_tsc arch_perfmon pebs bts rep_good nopl xtopology nonstop_tsc aperfmperf pni dtes64 monitor ds_cpl vmx est tm2 ssse3 cx16 xtpr pdcm pcid sse4_1 sse4_2 popcnt lahf_lm arat dtherm tpr_shadow vnmi flexpriority ept vpid
bugs		:
bogomips	: 4521.62
clflush size	: 64
cache_alignment	: 64
address sizes	: 36 bits physical, 48 bits virtual
power management:

processor	: 1
vendor_id	: GenuineIntel
cpu family	: 6
model		: 37
model name	: Intel(R) Core(TM) i3 CPU       M 350  @ 2.27GHz
stepping	: 5
microcode	: 0x4
cpu MHz		: 933.000
cache size	: 3072 KB
physical id	: 0
siblings	: 4
core id		: 0
cpu cores	: 2
apicid		: 1
initial apicid	: 1
fpu		: yes
fpu_exception	: yes
cpuid level	: 11
wp		: yes
flags		: fpu vme de pse tsc msr pae mce cx8 apic sep mtrr pge mca cmov pat pse36 clflush dts acpi mmx fxsr sse sse2 ss ht tm pbe syscall nx rdtscp lm constant_tsc arch_perfmon pebs bts rep_good nopl xtopology nonstop_tsc aperfmperf pni dtes64 monitor ds_cpl vmx est tm2 ssse3 cx16 xtpr pdcm pcid sse4_1 sse4_2 popcnt lahf_lm arat dtherm tpr_shadow vnmi flexpriority ept vpid
bugs		:
bogomips	: 4521.62
clflush size	: 64
cache_alignment	: 64
address sizes	: 36 bits physical, 48 bits virtual
power management:

processor	: 2
vendor_id	: GenuineIntel
cpu family	: 6
model		: 37
model name	: Intel(R) Core(TM) i3 CPU       M 350  @ 2.27GHz
stepping	: 5
microcode	: 0x4
cpu MHz		: 1866.000
cache size	: 3072 KB
physical id	: 0
siblings	: 4
core id		: 2
cpu cores	: 2
apicid		: 4
initial apicid	: 4
fpu		: yes
fpu_exception	: yes
cpuid level	: 11
wp		: yes
flags		: fpu vme de pse tsc msr pae mce cx8 apic sep mtrr pge mca cmov pat pse36 clflush dts acpi mmx fxsr sse sse2 ss ht tm pbe syscall nx rdtscp lm constant_tsc arch_perfmon pebs bts rep_good nopl xtopology nonstop_tsc aperfmperf pni dtes64 monitor ds_cpl vmx est tm2 ssse3 cx16 xtpr pdcm pcid sse4_1 sse4_2 popcnt lahf_lm arat dtherm tpr_shadow vnmi flexpriority ept vpid
bugs		:
bogomips	: 4521.62
clflush size	: 64
cache_alignment	: 64
address sizes	: 36 bits physical, 48 bits virtual
power management:

processor	: 3
vendor_id	: GenuineIntel
cpu family	: 6
model		: 37
model name	: Intel(R) Core(TM) i3 CPU       M 350  @ 2.27GHz
stepping	: 5
microcode	: 0x4
cpu MHz		: 2266.000
cache size	: 3072 KB
physical id	: 0
siblings	: 4
core id		: 2
cpu cores	: 2
apicid		: 5
initial apicid	: 5
fpu		: yes
fpu_exception	: yes
cpuid level	: 11
wp		: yes
flags		: fpu vme de pse tsc msr pae mce cx8 apic sep mtrr pge mca cmov pat pse36 clflush dts acpi mmx fxsr sse sse2 ss ht tm pbe syscall nx rdtscp lm constant_tsc arch_perfmon pebs bts rep_good nopl xtopology nonstop_tsc aperfmperf pni dtes64 monitor ds_cpl vmx est tm2 ssse3 cx16 xtpr pdcm pcid sse4_1 sse4_2 popcnt lahf_lm arat dtherm tpr_shadow vnmi flexpriority ept vpid
bugs		:
bogomips	: 4521.62
clflush size	: 64
cache_alignment	: 64
address sizes	: 36 bits physical, 48 bits virtual
power management:



Memory: 4k page, physical 5775952k(42320k free), swap 2175996k(0k free)

vm_info: Java HotSpot(TM) 64-Bit Server VM (25.73-b02) for linux-amd64 JRE (1.8.0_73-b02), built on Jan 29 2016 17:39:45 by "java_re" with gcc 4.3.0 20080428 (Red Hat 4.3.0-8)

time: Thu May 12 03:25:12 2016
elapsed time: 35 seconds (0d 0h 0m 35s)

